ERROR 2026-01-22 14:50:44,047 log Internal Server Error: /api/user/get/
Traceback (most recent call last):
  File "C:\Users\admin\Desktop\lms_Backend\my_env\Lib\site-packages\django\core\handlers\exception.py", line 55, in inner
    response = get_response(request)
  File "C:\Users\admin\Desktop\lms_Backend\my_env\Lib\site-packages\django\core\handlers\base.py", line 197, in _get_response
    response = wrapped_callback(request, *callback_args, **callback_kwargs)
  File "C:\Users\admin\Desktop\lms_Backend\my_env\Lib\site-packages\django\views\decorators\csrf.py", line 65, in _view_wrapper
    return view_func(request, *args, **kwargs)
  File "C:\Users\admin\Desktop\lms_Backend\my_env\Lib\site-packages\django\views\generic\base.py", line 105, in view
    return self.dispatch(request, *args, **kwargs)
           ~~~~~~~~~~~~~^^^^^^^^^^^^^^^^^^^^^^^^^^
  File "C:\Users\admin\Desktop\lms_Backend\my_env\Lib\site-packages\rest_framework\views.py", line 515, in dispatch
    response = self.handle_exception(exc)
  File "C:\Users\admin\Desktop\lms_Backend\my_env\Lib\site-packages\rest_framework\views.py", line 475, in handle_exception
    self.raise_uncaught_exception(exc)
    ~~~~~~~~~~~~~~~~~~~~~~~~~~~~~^^^^^
  File "C:\Users\admin\Desktop\lms_Backend\my_env\Lib\site-packages\rest_framework\views.py", line 486, in raise_uncaught_exception
    raise exc
  File "C:\Users\admin\Desktop\lms_Backend\my_env\Lib\site-packages\rest_framework\views.py", line 503, in dispatch
    self.initial(request, *args, **kwargs)
    ~~~~~~~~~~~~^^^^^^^^^^^^^^^^^^^^^^^^^^
  File "C:\Users\admin\Desktop\lms_Backend\my_env\Lib\site-packages\rest_framework\views.py", line 421, in initial
    self.check_permissions(request)
    ~~~~~~~~~~~~~~~~~~~~~~^^^^^^^^^
  File "C:\Users\admin\Desktop\lms_Backend\my_env\Lib\site-packages\rest_framework\views.py", line 338, in check_permissions
    if not permission.has_permission(request, self):
           ~~~~~~~~~~~~~~~~~~~~~~~~~^^^^^^^^^^^^^^^
  File "C:\Users\admin\Desktop\lms_Backend\backend\user\permissions.py", line 15, in has_permission
    payload = decode_access_token(token)
  File "C:\Users\admin\Desktop\lms_Backend\backend\user\utils\auth.py", line 29, in decode_access_token
    payload = jwt.decode(token, SECRET_KEY, algorithms=[ALGORITHM])
  File "C:\Users\admin\Desktop\lms_Backend\my_env\Lib\site-packages\jwt\api_jwt.py", line 222, in decode
    decoded = self.decode_complete(
        jwt,
    ...<8 lines>...
        leeway=leeway,
    )
  File "C:\Users\admin\Desktop\lms_Backend\my_env\Lib\site-packages\jwt\api_jwt.py", line 167, in decode_complete
    self._validate_claims(
    ~~~~~~~~~~~~~~~~~~~~~^
        payload,
        ^^^^^^^^
    ...<4 lines>...
        subject=subject,
        ^^^^^^^^^^^^^^^^
    )
    ^
  File "C:\Users\admin\Desktop\lms_Backend\my_env\Lib\site-packages\jwt\api_jwt.py", line 262, in _validate_claims
    self._validate_exp(payload, now, leeway)
    ~~~~~~~~~~~~~~~~~~^^^^^^^^^^^^^^^^^^^^^^
  File "C:\Users\admin\Desktop\lms_Backend\my_env\Lib\site-packages\jwt\api_jwt.py", line 363, in _validate_exp
    raise ExpiredSignatureError("Signature has expired")
jwt.exceptions.ExpiredSignatureError: Signature has expired
ERROR 2026-01-22 14:54:59,372 log Internal Server Error: /api/user/get/
Traceback (most recent call last):
  File "C:\Users\admin\Desktop\lms_Backend\my_env\Lib\site-packages\django\core\handlers\exception.py", line 55, in inner
    response = get_response(request)
  File "C:\Users\admin\Desktop\lms_Backend\my_env\Lib\site-packages\django\core\handlers\base.py", line 197, in _get_response
    response = wrapped_callback(request, *callback_args, **callback_kwargs)
  File "C:\Users\admin\Desktop\lms_Backend\my_env\Lib\site-packages\django\views\decorators\csrf.py", line 65, in _view_wrapper
    return view_func(request, *args, **kwargs)
  File "C:\Users\admin\Desktop\lms_Backend\my_env\Lib\site-packages\django\views\generic\base.py", line 105, in view
    return self.dispatch(request, *args, **kwargs)
           ~~~~~~~~~~~~~^^^^^^^^^^^^^^^^^^^^^^^^^^
  File "C:\Users\admin\Desktop\lms_Backend\my_env\Lib\site-packages\rest_framework\views.py", line 515, in dispatch
    response = self.handle_exception(exc)
  File "C:\Users\admin\Desktop\lms_Backend\my_env\Lib\site-packages\rest_framework\views.py", line 475, in handle_exception
    self.raise_uncaught_exception(exc)
    ~~~~~~~~~~~~~~~~~~~~~~~~~~~~~^^^^^
  File "C:\Users\admin\Desktop\lms_Backend\my_env\Lib\site-packages\rest_framework\views.py", line 486, in raise_uncaught_exception
    raise exc
  File "C:\Users\admin\Desktop\lms_Backend\my_env\Lib\site-packages\rest_framework\views.py", line 503, in dispatch
    self.initial(request, *args, **kwargs)
    ~~~~~~~~~~~~^^^^^^^^^^^^^^^^^^^^^^^^^^
  File "C:\Users\admin\Desktop\lms_Backend\my_env\Lib\site-packages\rest_framework\views.py", line 421, in initial
    self.check_permissions(request)
    ~~~~~~~~~~~~~~~~~~~~~~^^^^^^^^^
  File "C:\Users\admin\Desktop\lms_Backend\my_env\Lib\site-packages\rest_framework\views.py", line 338, in check_permissions
    if not permission.has_permission(request, self):
           ~~~~~~~~~~~~~~~~~~~~~~~~~^^^^^^^^^^^^^^^
  File "C:\Users\admin\Desktop\lms_Backend\backend\user\permissions.py", line 15, in has_permission
    payload = decode_access_token(token)
  File "C:\Users\admin\Desktop\lms_Backend\backend\user\utils\auth.py", line 29, in decode_access_token
    payload = jwt.decode(token, SECRET_KEY, algorithms=[ALGORITHM])
  File "C:\Users\admin\Desktop\lms_Backend\my_env\Lib\site-packages\jwt\api_jwt.py", line 222, in decode
    decoded = self.decode_complete(
        jwt,
    ...<8 lines>...
        leeway=leeway,
    )
  File "C:\Users\admin\Desktop\lms_Backend\my_env\Lib\site-packages\jwt\api_jwt.py", line 156, in decode_complete
    decoded = api_jws.decode_complete(
        jwt,
    ...<3 lines>...
        detached_payload=detached_payload,
    )
  File "C:\Users\admin\Desktop\lms_Backend\my_env\Lib\site-packages\jwt\api_jws.py", line 220, in decode_complete
    self._verify_signature(signing_input, header, signature, key, algorithms)
    ~~~~~~~~~~~~~~~~~~~~~~^^^^^^^^^^^^^^^^^^^^^^^^^^^^^^^^^^^^^^^^^^^^^^^^^^^
  File "C:\Users\admin\Desktop\lms_Backend\my_env\Lib\site-packages\jwt\api_jws.py", line 328, in _verify_signature
    raise InvalidSignatureError("Signature verification failed")
jwt.exceptions.InvalidSignatureError: Signature verification failed
ERROR 2026-01-22 14:57:17,178 log Internal Server Error: /api/user/get/
Traceback (most recent call last):
  File "C:\Users\admin\Desktop\lms_Backend\my_env\Lib\site-packages\django\core\handlers\exception.py", line 55, in inner
    response = get_response(request)
  File "C:\Users\admin\Desktop\lms_Backend\my_env\Lib\site-packages\django\core\handlers\base.py", line 197, in _get_response
    response = wrapped_callback(request, *callback_args, **callback_kwargs)
  File "C:\Users\admin\Desktop\lms_Backend\my_env\Lib\site-packages\django\views\decorators\csrf.py", line 65, in _view_wrapper
    return view_func(request, *args, **kwargs)
  File "C:\Users\admin\Desktop\lms_Backend\my_env\Lib\site-packages\django\views\generic\base.py", line 105, in view
    return self.dispatch(request, *args, **kwargs)
           ~~~~~~~~~~~~~^^^^^^^^^^^^^^^^^^^^^^^^^^
  File "C:\Users\admin\Desktop\lms_Backend\my_env\Lib\site-packages\rest_framework\views.py", line 515, in dispatch
    response = self.handle_exception(exc)
  File "C:\Users\admin\Desktop\lms_Backend\my_env\Lib\site-packages\rest_framework\views.py", line 475, in handle_exception
    self.raise_uncaught_exception(exc)
    ~~~~~~~~~~~~~~~~~~~~~~~~~~~~~^^^^^
  File "C:\Users\admin\Desktop\lms_Backend\my_env\Lib\site-packages\rest_framework\views.py", line 486, in raise_uncaught_exception
    raise exc
  File "C:\Users\admin\Desktop\lms_Backend\my_env\Lib\site-packages\rest_framework\views.py", line 503, in dispatch
    self.initial(request, *args, **kwargs)
    ~~~~~~~~~~~~^^^^^^^^^^^^^^^^^^^^^^^^^^
  File "C:\Users\admin\Desktop\lms_Backend\my_env\Lib\site-packages\rest_framework\views.py", line 421, in initial
    self.check_permissions(request)
    ~~~~~~~~~~~~~~~~~~~~~~^^^^^^^^^
  File "C:\Users\admin\Desktop\lms_Backend\my_env\Lib\site-packages\rest_framework\views.py", line 338, in check_permissions
    if not permission.has_permission(request, self):
           ~~~~~~~~~~~~~~~~~~~~~~~~~^^^^^^^^^^^^^^^
  File "C:\Users\admin\Desktop\lms_Backend\backend\user\permissions.py", line 15, in has_permission
    payload = decode_access_token(token)
  File "C:\Users\admin\Desktop\lms_Backend\backend\user\utils\auth.py", line 29, in decode_access_token
    payload = jwt.decode(token, SECRET_KEY, algorithms=[ALGORITHM])
  File "C:\Users\admin\Desktop\lms_Backend\my_env\Lib\site-packages\jwt\api_jwt.py", line 222, in decode
    decoded = self.decode_complete(
        jwt,
    ...<8 lines>...
        leeway=leeway,
    )
  File "C:\Users\admin\Desktop\lms_Backend\my_env\Lib\site-packages\jwt\api_jwt.py", line 156, in decode_complete
    decoded = api_jws.decode_complete(
        jwt,
    ...<3 lines>...
        detached_payload=detached_payload,
    )
  File "C:\Users\admin\Desktop\lms_Backend\my_env\Lib\site-packages\jwt\api_jws.py", line 220, in decode_complete
    self._verify_signature(signing_input, header, signature, key, algorithms)
    ~~~~~~~~~~~~~~~~~~~~~~^^^^^^^^^^^^^^^^^^^^^^^^^^^^^^^^^^^^^^^^^^^^^^^^^^^
  File "C:\Users\admin\Desktop\lms_Backend\my_env\Lib\site-packages\jwt\api_jws.py", line 328, in _verify_signature
    raise InvalidSignatureError("Signature verification failed")
jwt.exceptions.InvalidSignatureError: Signature verification failed
ERROR 2026-01-22 15:01:32,438 log Internal Server Error: /api/user/get/
Traceback (most recent call last):
  File "C:\Users\admin\Desktop\lms_Backend\my_env\Lib\site-packages\django\core\handlers\exception.py", line 55, in inner
    response = get_response(request)
  File "C:\Users\admin\Desktop\lms_Backend\my_env\Lib\site-packages\django\core\handlers\base.py", line 197, in _get_response
    response = wrapped_callback(request, *callback_args, **callback_kwargs)
  File "C:\Users\admin\Desktop\lms_Backend\my_env\Lib\site-packages\django\views\decorators\csrf.py", line 65, in _view_wrapper
    return view_func(request, *args, **kwargs)
  File "C:\Users\admin\Desktop\lms_Backend\my_env\Lib\site-packages\django\views\generic\base.py", line 105, in view
    return self.dispatch(request, *args, **kwargs)
           ~~~~~~~~~~~~~^^^^^^^^^^^^^^^^^^^^^^^^^^
  File "C:\Users\admin\Desktop\lms_Backend\my_env\Lib\site-packages\rest_framework\views.py", line 515, in dispatch
    response = self.handle_exception(exc)
  File "C:\Users\admin\Desktop\lms_Backend\my_env\Lib\site-packages\rest_framework\views.py", line 475, in handle_exception
    self.raise_uncaught_exception(exc)
    ~~~~~~~~~~~~~~~~~~~~~~~~~~~~~^^^^^
  File "C:\Users\admin\Desktop\lms_Backend\my_env\Lib\site-packages\rest_framework\views.py", line 486, in raise_uncaught_exception
    raise exc
  File "C:\Users\admin\Desktop\lms_Backend\my_env\Lib\site-packages\rest_framework\views.py", line 503, in dispatch
    self.initial(request, *args, **kwargs)
    ~~~~~~~~~~~~^^^^^^^^^^^^^^^^^^^^^^^^^^
  File "C:\Users\admin\Desktop\lms_Backend\my_env\Lib\site-packages\rest_framework\views.py", line 421, in initial
    self.check_permissions(request)
    ~~~~~~~~~~~~~~~~~~~~~~^^^^^^^^^
  File "C:\Users\admin\Desktop\lms_Backend\my_env\Lib\site-packages\rest_framework\views.py", line 338, in check_permissions
    if not permission.has_permission(request, self):
           ~~~~~~~~~~~~~~~~~~~~~~~~~^^^^^^^^^^^^^^^
  File "C:\Users\admin\Desktop\lms_Backend\backend\user\permissions.py", line 15, in has_permission
    payload = decode_access_token(token)
  File "C:\Users\admin\Desktop\lms_Backend\backend\user\utils\auth.py", line 29, in decode_access_token
    payload = jwt.decode(token, SECRET_KEY, algorithms=[ALGORITHM])
  File "C:\Users\admin\Desktop\lms_Backend\my_env\Lib\site-packages\jwt\api_jwt.py", line 222, in decode
    decoded = self.decode_complete(
        jwt,
    ...<8 lines>...
        leeway=leeway,
    )
  File "C:\Users\admin\Desktop\lms_Backend\my_env\Lib\site-packages\jwt\api_jwt.py", line 156, in decode_complete
    decoded = api_jws.decode_complete(
        jwt,
    ...<3 lines>...
        detached_payload=detached_payload,
    )
  File "C:\Users\admin\Desktop\lms_Backend\my_env\Lib\site-packages\jwt\api_jws.py", line 220, in decode_complete
    self._verify_signature(signing_input, header, signature, key, algorithms)
    ~~~~~~~~~~~~~~~~~~~~~~^^^^^^^^^^^^^^^^^^^^^^^^^^^^^^^^^^^^^^^^^^^^^^^^^^^
  File "C:\Users\admin\Desktop\lms_Backend\my_env\Lib\site-packages\jwt\api_jws.py", line 328, in _verify_signature
    raise InvalidSignatureError("Signature verification failed")
jwt.exceptions.InvalidSignatureError: Signature verification failed
ERROR 2026-01-22 15:01:59,915 log Internal Server Error: /api/user/get/
Traceback (most recent call last):
  File "C:\Users\admin\Desktop\lms_Backend\my_env\Lib\site-packages\django\core\handlers\exception.py", line 55, in inner
    response = get_response(request)
  File "C:\Users\admin\Desktop\lms_Backend\my_env\Lib\site-packages\django\core\handlers\base.py", line 197, in _get_response
    response = wrapped_callback(request, *callback_args, **callback_kwargs)
  File "C:\Users\admin\Desktop\lms_Backend\my_env\Lib\site-packages\django\views\decorators\csrf.py", line 65, in _view_wrapper
    return view_func(request, *args, **kwargs)
  File "C:\Users\admin\Desktop\lms_Backend\my_env\Lib\site-packages\django\views\generic\base.py", line 105, in view
    return self.dispatch(request, *args, **kwargs)
           ~~~~~~~~~~~~~^^^^^^^^^^^^^^^^^^^^^^^^^^
  File "C:\Users\admin\Desktop\lms_Backend\my_env\Lib\site-packages\rest_framework\views.py", line 515, in dispatch
    response = self.handle_exception(exc)
  File "C:\Users\admin\Desktop\lms_Backend\my_env\Lib\site-packages\rest_framework\views.py", line 475, in handle_exception
    self.raise_uncaught_exception(exc)
    ~~~~~~~~~~~~~~~~~~~~~~~~~~~~~^^^^^
  File "C:\Users\admin\Desktop\lms_Backend\my_env\Lib\site-packages\rest_framework\views.py", line 486, in raise_uncaught_exception
    raise exc
  File "C:\Users\admin\Desktop\lms_Backend\my_env\Lib\site-packages\rest_framework\views.py", line 503, in dispatch
    self.initial(request, *args, **kwargs)
    ~~~~~~~~~~~~^^^^^^^^^^^^^^^^^^^^^^^^^^
  File "C:\Users\admin\Desktop\lms_Backend\my_env\Lib\site-packages\rest_framework\views.py", line 421, in initial
    self.check_permissions(request)
    ~~~~~~~~~~~~~~~~~~~~~~^^^^^^^^^
  File "C:\Users\admin\Desktop\lms_Backend\my_env\Lib\site-packages\rest_framework\views.py", line 338, in check_permissions
    if not permission.has_permission(request, self):
           ~~~~~~~~~~~~~~~~~~~~~~~~~^^^^^^^^^^^^^^^
  File "C:\Users\admin\Desktop\lms_Backend\backend\user\permissions.py", line 15, in has_permission
    payload = decode_access_token(token)
  File "C:\Users\admin\Desktop\lms_Backend\backend\user\utils\auth.py", line 29, in decode_access_token
    payload = jwt.decode(token, SECRET_KEY, algorithms=[ALGORITHM])
  File "C:\Users\admin\Desktop\lms_Backend\my_env\Lib\site-packages\jwt\api_jwt.py", line 222, in decode
    decoded = self.decode_complete(
        jwt,
    ...<8 lines>...
        leeway=leeway,
    )
  File "C:\Users\admin\Desktop\lms_Backend\my_env\Lib\site-packages\jwt\api_jwt.py", line 167, in decode_complete
    self._validate_claims(
    ~~~~~~~~~~~~~~~~~~~~~^
        payload,
        ^^^^^^^^
    ...<4 lines>...
        subject=subject,
        ^^^^^^^^^^^^^^^^
    )
    ^
  File "C:\Users\admin\Desktop\lms_Backend\my_env\Lib\site-packages\jwt\api_jwt.py", line 262, in _validate_claims
    self._validate_exp(payload, now, leeway)
    ~~~~~~~~~~~~~~~~~~^^^^^^^^^^^^^^^^^^^^^^
  File "C:\Users\admin\Desktop\lms_Backend\my_env\Lib\site-packages\jwt\api_jwt.py", line 363, in _validate_exp
    raise ExpiredSignatureError("Signature has expired")
jwt.exceptions.ExpiredSignatureError: Signature has expired
ERROR 2026-01-22 15:04:28,201 log Internal Server Error: /api/user/get/
Traceback (most recent call last):
  File "C:\Users\admin\Desktop\lms_Backend\my_env\Lib\site-packages\jwt\api_jws.py", line 280, in _load
    header = json.loads(header_data)
  File "C:\Users\admin\miniconda3\Lib\json\__init__.py", line 341, in loads
    s = s.decode(detect_encoding(s), 'surrogatepass')
UnicodeDecodeError: 'utf-8' codec can't decode byte 0xc2 in position 13: invalid continuation byte

The above exception was the direct cause of the following exception:

Traceback (most recent call last):
  File "C:\Users\admin\Desktop\lms_Backend\my_env\Lib\site-packages\django\core\handlers\exception.py", line 55, in inner
    response = get_response(request)
  File "C:\Users\admin\Desktop\lms_Backend\my_env\Lib\site-packages\django\core\handlers\base.py", line 197, in _get_response
    response = wrapped_callback(request, *callback_args, **callback_kwargs)
  File "C:\Users\admin\Desktop\lms_Backend\my_env\Lib\site-packages\django\views\decorators\csrf.py", line 65, in _view_wrapper
    return view_func(request, *args, **kwargs)
  File "C:\Users\admin\Desktop\lms_Backend\my_env\Lib\site-packages\django\views\generic\base.py", line 105, in view
    return self.dispatch(request, *args, **kwargs)
           ~~~~~~~~~~~~~^^^^^^^^^^^^^^^^^^^^^^^^^^
  File "C:\Users\admin\Desktop\lms_Backend\my_env\Lib\site-packages\rest_framework\views.py", line 515, in dispatch
    response = self.handle_exception(exc)
  File "C:\Users\admin\Desktop\lms_Backend\my_env\Lib\site-packages\rest_framework\views.py", line 475, in handle_exception
    self.raise_uncaught_exception(exc)
    ~~~~~~~~~~~~~~~~~~~~~~~~~~~~~^^^^^
  File "C:\Users\admin\Desktop\lms_Backend\my_env\Lib\site-packages\rest_framework\views.py", line 486, in raise_uncaught_exception
    raise exc
  File "C:\Users\admin\Desktop\lms_Backend\my_env\Lib\site-packages\rest_framework\views.py", line 503, in dispatch
    self.initial(request, *args, **kwargs)
    ~~~~~~~~~~~~^^^^^^^^^^^^^^^^^^^^^^^^^^
  File "C:\Users\admin\Desktop\lms_Backend\my_env\Lib\site-packages\rest_framework\views.py", line 421, in initial
    self.check_permissions(request)
    ~~~~~~~~~~~~~~~~~~~~~~^^^^^^^^^
  File "C:\Users\admin\Desktop\lms_Backend\my_env\Lib\site-packages\rest_framework\views.py", line 338, in check_permissions
    if not permission.has_permission(request, self):
           ~~~~~~~~~~~~~~~~~~~~~~~~~^^^^^^^^^^^^^^^
  File "C:\Users\admin\Desktop\lms_Backend\backend\user\permissions.py", line 15, in has_permission
    payload = decode_access_token(token)
  File "C:\Users\admin\Desktop\lms_Backend\backend\user\utils\auth.py", line 29, in decode_access_token
    payload = jwt.decode(token, SECRET_KEY, algorithms=[ALGORITHM])
  File "C:\Users\admin\Desktop\lms_Backend\my_env\Lib\site-packages\jwt\api_jwt.py", line 222, in decode
    decoded = self.decode_complete(
        jwt,
    ...<8 lines>...
        leeway=leeway,
    )
  File "C:\Users\admin\Desktop\lms_Backend\my_env\Lib\site-packages\jwt\api_jwt.py", line 156, in decode_complete
    decoded = api_jws.decode_complete(
        jwt,
    ...<3 lines>...
        detached_payload=detached_payload,
    )
  File "C:\Users\admin\Desktop\lms_Backend\my_env\Lib\site-packages\jwt\api_jws.py", line 209, in decode_complete
    payload, signing_input, header, signature = self._load(jwt)
                                                ~~~~~~~~~~^^^^^
  File "C:\Users\admin\Desktop\lms_Backend\my_env\Lib\site-packages\jwt\api_jws.py", line 282, in _load
    raise DecodeError(f"Invalid header string: {e}") from e
jwt.exceptions.DecodeError: Invalid header string: 'utf-8' codec can't decode byte 0xc2 in position 13: invalid continuation byte
ERROR 2026-01-22 15:07:16,957 log Internal Server Error: /api/user/get/
Traceback (most recent call last):
  File "C:\Users\admin\Desktop\lms_Backend\my_env\Lib\site-packages\jwt\api_jws.py", line 280, in _load
    header = json.loads(header_data)
  File "C:\Users\admin\miniconda3\Lib\json\__init__.py", line 341, in loads
    s = s.decode(detect_encoding(s), 'surrogatepass')
UnicodeDecodeError: 'utf-8' codec can't decode byte 0xc2 in position 13: invalid continuation byte

The above exception was the direct cause of the following exception:

Traceback (most recent call last):
  File "C:\Users\admin\Desktop\lms_Backend\my_env\Lib\site-packages\django\core\handlers\exception.py", line 55, in inner
    response = get_response(request)
  File "C:\Users\admin\Desktop\lms_Backend\my_env\Lib\site-packages\django\core\handlers\base.py", line 197, in _get_response
    response = wrapped_callback(request, *callback_args, **callback_kwargs)
  File "C:\Users\admin\Desktop\lms_Backend\my_env\Lib\site-packages\django\views\decorators\csrf.py", line 65, in _view_wrapper
    return view_func(request, *args, **kwargs)
  File "C:\Users\admin\Desktop\lms_Backend\my_env\Lib\site-packages\django\views\generic\base.py", line 105, in view
    return self.dispatch(request, *args, **kwargs)
           ~~~~~~~~~~~~~^^^^^^^^^^^^^^^^^^^^^^^^^^
  File "C:\Users\admin\Desktop\lms_Backend\my_env\Lib\site-packages\rest_framework\views.py", line 515, in dispatch
    response = self.handle_exception(exc)
  File "C:\Users\admin\Desktop\lms_Backend\my_env\Lib\site-packages\rest_framework\views.py", line 475, in handle_exception
    self.raise_uncaught_exception(exc)
    ~~~~~~~~~~~~~~~~~~~~~~~~~~~~~^^^^^
  File "C:\Users\admin\Desktop\lms_Backend\my_env\Lib\site-packages\rest_framework\views.py", line 486, in raise_uncaught_exception
    raise exc
  File "C:\Users\admin\Desktop\lms_Backend\my_env\Lib\site-packages\rest_framework\views.py", line 503, in dispatch
    self.initial(request, *args, **kwargs)
    ~~~~~~~~~~~~^^^^^^^^^^^^^^^^^^^^^^^^^^
  File "C:\Users\admin\Desktop\lms_Backend\my_env\Lib\site-packages\rest_framework\views.py", line 421, in initial
    self.check_permissions(request)
    ~~~~~~~~~~~~~~~~~~~~~~^^^^^^^^^
  File "C:\Users\admin\Desktop\lms_Backend\my_env\Lib\site-packages\rest_framework\views.py", line 338, in check_permissions
    if not permission.has_permission(request, self):
           ~~~~~~~~~~~~~~~~~~~~~~~~~^^^^^^^^^^^^^^^
  File "C:\Users\admin\Desktop\lms_Backend\backend\user\permissions.py", line 15, in has_permission
    payload = decode_access_token(token)
  File "C:\Users\admin\Desktop\lms_Backend\backend\user\utils\auth.py", line 29, in decode_access_token
    payload = jwt.decode(token, SECRET_KEY, algorithms=[ALGORITHM])
  File "C:\Users\admin\Desktop\lms_Backend\my_env\Lib\site-packages\jwt\api_jwt.py", line 222, in decode
    decoded = self.decode_complete(
        jwt,
    ...<8 lines>...
        leeway=leeway,
    )
  File "C:\Users\admin\Desktop\lms_Backend\my_env\Lib\site-packages\jwt\api_jwt.py", line 156, in decode_complete
    decoded = api_jws.decode_complete(
        jwt,
    ...<3 lines>...
        detached_payload=detached_payload,
    )
  File "C:\Users\admin\Desktop\lms_Backend\my_env\Lib\site-packages\jwt\api_jws.py", line 209, in decode_complete
    payload, signing_input, header, signature = self._load(jwt)
                                                ~~~~~~~~~~^^^^^
  File "C:\Users\admin\Desktop\lms_Backend\my_env\Lib\site-packages\jwt\api_jws.py", line 282, in _load
    raise DecodeError(f"Invalid header string: {e}") from e
jwt.exceptions.DecodeError: Invalid header string: 'utf-8' codec can't decode byte 0xc2 in position 13: invalid continuation byte
ERROR 2026-01-22 15:07:33,729 log Internal Server Error: /api/user/get/
Traceback (most recent call last):
  File "C:\Users\admin\Desktop\lms_Backend\my_env\Lib\site-packages\jwt\api_jws.py", line 280, in _load
    header = json.loads(header_data)
  File "C:\Users\admin\miniconda3\Lib\json\__init__.py", line 341, in loads
    s = s.decode(detect_encoding(s), 'surrogatepass')
UnicodeDecodeError: 'utf-8' codec can't decode byte 0xc2 in position 13: invalid continuation byte

The above exception was the direct cause of the following exception:

Traceback (most recent call last):
  File "C:\Users\admin\Desktop\lms_Backend\my_env\Lib\site-packages\django\core\handlers\exception.py", line 55, in inner
    response = get_response(request)
  File "C:\Users\admin\Desktop\lms_Backend\my_env\Lib\site-packages\django\core\handlers\base.py", line 197, in _get_response
    response = wrapped_callback(request, *callback_args, **callback_kwargs)
  File "C:\Users\admin\Desktop\lms_Backend\my_env\Lib\site-packages\django\views\decorators\csrf.py", line 65, in _view_wrapper
    return view_func(request, *args, **kwargs)
  File "C:\Users\admin\Desktop\lms_Backend\my_env\Lib\site-packages\django\views\generic\base.py", line 105, in view
    return self.dispatch(request, *args, **kwargs)
           ~~~~~~~~~~~~~^^^^^^^^^^^^^^^^^^^^^^^^^^
  File "C:\Users\admin\Desktop\lms_Backend\my_env\Lib\site-packages\rest_framework\views.py", line 515, in dispatch
    response = self.handle_exception(exc)
  File "C:\Users\admin\Desktop\lms_Backend\my_env\Lib\site-packages\rest_framework\views.py", line 475, in handle_exception
    self.raise_uncaught_exception(exc)
    ~~~~~~~~~~~~~~~~~~~~~~~~~~~~~^^^^^
  File "C:\Users\admin\Desktop\lms_Backend\my_env\Lib\site-packages\rest_framework\views.py", line 486, in raise_uncaught_exception
    raise exc
  File "C:\Users\admin\Desktop\lms_Backend\my_env\Lib\site-packages\rest_framework\views.py", line 503, in dispatch
    self.initial(request, *args, **kwargs)
    ~~~~~~~~~~~~^^^^^^^^^^^^^^^^^^^^^^^^^^
  File "C:\Users\admin\Desktop\lms_Backend\my_env\Lib\site-packages\rest_framework\views.py", line 421, in initial
    self.check_permissions(request)
    ~~~~~~~~~~~~~~~~~~~~~~^^^^^^^^^
  File "C:\Users\admin\Desktop\lms_Backend\my_env\Lib\site-packages\rest_framework\views.py", line 338, in check_permissions
    if not permission.has_permission(request, self):
           ~~~~~~~~~~~~~~~~~~~~~~~~~^^^^^^^^^^^^^^^
  File "C:\Users\admin\Desktop\lms_Backend\backend\user\permissions.py", line 15, in has_permission
    payload = decode_access_token(token)
  File "C:\Users\admin\Desktop\lms_Backend\backend\user\utils\auth.py", line 29, in decode_access_token
    payload = jwt.decode(token, SECRET_KEY, algorithms=[ALGORITHM])
  File "C:\Users\admin\Desktop\lms_Backend\my_env\Lib\site-packages\jwt\api_jwt.py", line 222, in decode
    decoded = self.decode_complete(
        jwt,
    ...<8 lines>...
        leeway=leeway,
    )
  File "C:\Users\admin\Desktop\lms_Backend\my_env\Lib\site-packages\jwt\api_jwt.py", line 156, in decode_complete
    decoded = api_jws.decode_complete(
        jwt,
    ...<3 lines>...
        detached_payload=detached_payload,
    )
  File "C:\Users\admin\Desktop\lms_Backend\my_env\Lib\site-packages\jwt\api_jws.py", line 209, in decode_complete
    payload, signing_input, header, signature = self._load(jwt)
                                                ~~~~~~~~~~^^^^^
  File "C:\Users\admin\Desktop\lms_Backend\my_env\Lib\site-packages\jwt\api_jws.py", line 282, in _load
    raise DecodeError(f"Invalid header string: {e}") from e
jwt.exceptions.DecodeError: Invalid header string: 'utf-8' codec can't decode byte 0xc2 in position 13: invalid continuation byte
ERROR 2026-01-22 15:08:55,347 log Internal Server Error: /api/user/get/
Traceback (most recent call last):
  File "C:\Users\admin\Desktop\lms_Backend\my_env\Lib\site-packages\jwt\api_jws.py", line 293, in _load
    signature = base64url_decode(crypto_segment)
  File "C:\Users\admin\Desktop\lms_Backend\my_env\Lib\site-packages\jwt\utils.py", line 33, in base64url_decode
    return base64.urlsafe_b64decode(input_bytes)
           ~~~~~~~~~~~~~~~~~~~~~~~~^^^^^^^^^^^^^
  File "C:\Users\admin\miniconda3\Lib\base64.py", line 134, in urlsafe_b64decode
    return b64decode(s)
  File "C:\Users\admin\miniconda3\Lib\base64.py", line 88, in b64decode
    return binascii.a2b_base64(s, strict_mode=validate)
           ~~~~~~~~~~~~~~~~~~~^^^^^^^^^^^^^^^^^^^^^^^^^
binascii.Error: Invalid base64-encoded string: number of data characters (41) cannot be 1 more than a multiple of 4

The above exception was the direct cause of the following exception:

Traceback (most recent call last):
  File "C:\Users\admin\Desktop\lms_Backend\my_env\Lib\site-packages\django\core\handlers\exception.py", line 55, in inner
    response = get_response(request)
  File "C:\Users\admin\Desktop\lms_Backend\my_env\Lib\site-packages\django\core\handlers\base.py", line 197, in _get_response
    response = wrapped_callback(request, *callback_args, **callback_kwargs)
  File "C:\Users\admin\Desktop\lms_Backend\my_env\Lib\site-packages\django\views\decorators\csrf.py", line 65, in _view_wrapper
    return view_func(request, *args, **kwargs)
  File "C:\Users\admin\Desktop\lms_Backend\my_env\Lib\site-packages\django\views\generic\base.py", line 105, in view
    return self.dispatch(request, *args, **kwargs)
           ~~~~~~~~~~~~~^^^^^^^^^^^^^^^^^^^^^^^^^^
  File "C:\Users\admin\Desktop\lms_Backend\my_env\Lib\site-packages\rest_framework\views.py", line 515, in dispatch
    response = self.handle_exception(exc)
  File "C:\Users\admin\Desktop\lms_Backend\my_env\Lib\site-packages\rest_framework\views.py", line 475, in handle_exception
    self.raise_uncaught_exception(exc)
    ~~~~~~~~~~~~~~~~~~~~~~~~~~~~~^^^^^
  File "C:\Users\admin\Desktop\lms_Backend\my_env\Lib\site-packages\rest_framework\views.py", line 486, in raise_uncaught_exception
    raise exc
  File "C:\Users\admin\Desktop\lms_Backend\my_env\Lib\site-packages\rest_framework\views.py", line 503, in dispatch
    self.initial(request, *args, **kwargs)
    ~~~~~~~~~~~~^^^^^^^^^^^^^^^^^^^^^^^^^^
  File "C:\Users\admin\Desktop\lms_Backend\my_env\Lib\site-packages\rest_framework\views.py", line 421, in initial
    self.check_permissions(request)
    ~~~~~~~~~~~~~~~~~~~~~~^^^^^^^^^
  File "C:\Users\admin\Desktop\lms_Backend\my_env\Lib\site-packages\rest_framework\views.py", line 338, in check_permissions
    if not permission.has_permission(request, self):
           ~~~~~~~~~~~~~~~~~~~~~~~~~^^^^^^^^^^^^^^^
  File "C:\Users\admin\Desktop\lms_Backend\backend\user\permissions.py", line 15, in has_permission
    payload = decode_access_token(token)
  File "C:\Users\admin\Desktop\lms_Backend\backend\user\utils\auth.py", line 29, in decode_access_token
    payload = jwt.decode(token, SECRET_KEY, algorithms=[ALGORITHM])
  File "C:\Users\admin\Desktop\lms_Backend\my_env\Lib\site-packages\jwt\api_jwt.py", line 222, in decode
    decoded = self.decode_complete(
        jwt,
    ...<8 lines>...
        leeway=leeway,
    )
  File "C:\Users\admin\Desktop\lms_Backend\my_env\Lib\site-packages\jwt\api_jwt.py", line 156, in decode_complete
    decoded = api_jws.decode_complete(
        jwt,
    ...<3 lines>...
        detached_payload=detached_payload,
    )
  File "C:\Users\admin\Desktop\lms_Backend\my_env\Lib\site-packages\jwt\api_jws.py", line 209, in decode_complete
    payload, signing_input, header, signature = self._load(jwt)
                                                ~~~~~~~~~~^^^^^
  File "C:\Users\admin\Desktop\lms_Backend\my_env\Lib\site-packages\jwt\api_jws.py", line 295, in _load
    raise DecodeError("Invalid crypto padding") from err
jwt.exceptions.DecodeError: Invalid crypto padding
ERROR 2026-01-22 15:50:19,919 log Internal Server Error: /api/user/get/
Traceback (most recent call last):
  File "C:\Users\admin\Desktop\lms_Backend\my_env\Lib\site-packages\jwt\api_jws.py", line 293, in _load
    signature = base64url_decode(crypto_segment)
  File "C:\Users\admin\Desktop\lms_Backend\my_env\Lib\site-packages\jwt\utils.py", line 33, in base64url_decode
    return base64.urlsafe_b64decode(input_bytes)
           ~~~~~~~~~~~~~~~~~~~~~~~~^^^^^^^^^^^^^
  File "C:\Users\admin\miniconda3\Lib\base64.py", line 134, in urlsafe_b64decode
    return b64decode(s)
  File "C:\Users\admin\miniconda3\Lib\base64.py", line 88, in b64decode
    return binascii.a2b_base64(s, strict_mode=validate)
           ~~~~~~~~~~~~~~~~~~~^^^^^^^^^^^^^^^^^^^^^^^^^
binascii.Error: Invalid base64-encoded string: number of data characters (41) cannot be 1 more than a multiple of 4

The above exception was the direct cause of the following exception:

Traceback (most recent call last):
  File "C:\Users\admin\Desktop\lms_Backend\my_env\Lib\site-packages\django\core\handlers\exception.py", line 55, in inner
    response = get_response(request)
  File "C:\Users\admin\Desktop\lms_Backend\my_env\Lib\site-packages\django\core\handlers\base.py", line 197, in _get_response
    response = wrapped_callback(request, *callback_args, **callback_kwargs)
  File "C:\Users\admin\Desktop\lms_Backend\my_env\Lib\site-packages\django\views\decorators\csrf.py", line 65, in _view_wrapper
    return view_func(request, *args, **kwargs)
  File "C:\Users\admin\Desktop\lms_Backend\my_env\Lib\site-packages\django\views\generic\base.py", line 105, in view
    return self.dispatch(request, *args, **kwargs)
           ~~~~~~~~~~~~~^^^^^^^^^^^^^^^^^^^^^^^^^^
  File "C:\Users\admin\Desktop\lms_Backend\my_env\Lib\site-packages\rest_framework\views.py", line 515, in dispatch
    response = self.handle_exception(exc)
  File "C:\Users\admin\Desktop\lms_Backend\my_env\Lib\site-packages\rest_framework\views.py", line 475, in handle_exception
    self.raise_uncaught_exception(exc)
    ~~~~~~~~~~~~~~~~~~~~~~~~~~~~~^^^^^
  File "C:\Users\admin\Desktop\lms_Backend\my_env\Lib\site-packages\rest_framework\views.py", line 486, in raise_uncaught_exception
    raise exc
  File "C:\Users\admin\Desktop\lms_Backend\my_env\Lib\site-packages\rest_framework\views.py", line 503, in dispatch
    self.initial(request, *args, **kwargs)
    ~~~~~~~~~~~~^^^^^^^^^^^^^^^^^^^^^^^^^^
  File "C:\Users\admin\Desktop\lms_Backend\my_env\Lib\site-packages\rest_framework\views.py", line 421, in initial
    self.check_permissions(request)
    ~~~~~~~~~~~~~~~~~~~~~~^^^^^^^^^
  File "C:\Users\admin\Desktop\lms_Backend\my_env\Lib\site-packages\rest_framework\views.py", line 338, in check_permissions
    if not permission.has_permission(request, self):
           ~~~~~~~~~~~~~~~~~~~~~~~~~^^^^^^^^^^^^^^^
  File "C:\Users\admin\Desktop\lms_Backend\backend\user\permissions.py", line 15, in has_permission
    payload = decode_access_token(token)
  File "C:\Users\admin\Desktop\lms_Backend\backend\user\utils\auth.py", line 29, in decode_access_token
    payload = jwt.decode(token, SECRET_KEY, algorithms=[ALGORITHM])
  File "C:\Users\admin\Desktop\lms_Backend\my_env\Lib\site-packages\jwt\api_jwt.py", line 222, in decode
    decoded = self.decode_complete(
        jwt,
    ...<8 lines>...
        leeway=leeway,
    )
  File "C:\Users\admin\Desktop\lms_Backend\my_env\Lib\site-packages\jwt\api_jwt.py", line 156, in decode_complete
    decoded = api_jws.decode_complete(
        jwt,
    ...<3 lines>...
        detached_payload=detached_payload,
    )
  File "C:\Users\admin\Desktop\lms_Backend\my_env\Lib\site-packages\jwt\api_jws.py", line 209, in decode_complete
    payload, signing_input, header, signature = self._load(jwt)
                                                ~~~~~~~~~~^^^^^
  File "C:\Users\admin\Desktop\lms_Backend\my_env\Lib\site-packages\jwt\api_jws.py", line 295, in _load
    raise DecodeError("Invalid crypto padding") from err
jwt.exceptions.DecodeError: Invalid crypto padding
